<?xml version="1.0" encoding="UTF-8"?>
<!-- Generated by org.testng.reporters.JUnitReportReporter -->
<testsuite hostname="DESKTOP-NEBF6LI" failures="0" tests="2" name="ParametersExamples" time="0.405" errors="0" timestamp="2022-01-24T13:02:47 IST" skipped="0">
  <testcase classname="ParametersExamples" name="logoTest" time="0.389"/>
  <system-out/>
  <testcase classname="ParametersExamples" name="homepageTitle" time="0.016"/>
  <system-out/>
</testsuite> <!-- ParametersExamples -->
