<?xml version="1.0" encoding="UTF-8"?>
<!-- Generated by org.testng.reporters.JUnitReportReporter -->
<testsuite hostname="DESKTOP-NEBF6LI" failures="0" tests="3" name="FirstTestCase" time="0.014" errors="0" timestamp="2022-01-23T17:13:54 IST" skipped="0">
  <testcase classname="FirstTestCase" name="setup" time="0.010"/>
  <system-out/>
  <testcase classname="FirstTestCase" name="login" time="0.002"/>
  <system-out/>
  <testcase classname="FirstTestCase" name="teardown" time="0.002"/>
  <system-out/>
</testsuite> <!-- FirstTestCase -->
