<?xml version="1.0" encoding="UTF-8"?>
<!-- Generated by org.testng.reporters.JUnitReportReporter -->
<testsuite hostname="DESKTOP-NEBF6LI" failures="0" tests="2" name="TC1" time="0.012" errors="0" timestamp="2022-01-24T22:08:20 IST" skipped="0">
  <testcase classname="TC1" name="test1" time="0.009"/>
  <system-out/>
  <testcase classname="TC1" name="test2" time="0.003"/>
  <system-out/>
</testsuite> <!-- TC1 -->
