<?xml version="1.0" encoding="UTF-8"?>
<!-- Generated by org.testng.reporters.JUnitReportReporter -->
<testsuite hostname="DESKTOP-NEBF6LI" failures="0" tests="2" name="TC2" time="0.005" errors="0" timestamp="2022-01-24T22:08:20 IST" skipped="0">
  <testcase classname="TC2" name="test3" time="0.004"/>
  <system-out/>
  <testcase classname="TC2" name="test4" time="0.001"/>
  <system-out/>
</testsuite> <!-- TC2 -->
