<?xml version="1.0" encoding="UTF-8"?>
<!-- Generated by org.testng.reporters.JUnitReportReporter -->
<testsuite hostname="DESKTOP-NEBF6LI" failures="0" tests="4" name="SecondTestCase" time="0.016" errors="0" timestamp="2022-01-23T17:13:54 IST" skipped="0">
  <testcase classname="SecondTestCase" name="setup" time="0.004"/>
  <system-out/>
  <testcase classname="SecondTestCase" name="addCustomer" time="0.003"/>
  <system-out/>
  <testcase classname="SecondTestCase" name="searchCustomer" time="0.005"/>
  <system-out/>
  <testcase classname="SecondTestCase" name="teardown" time="0.004"/>
  <system-out/>
</testsuite> <!-- SecondTestCase -->
