<?xml version="1.0" encoding="UTF-8"?>
<!-- Generated by org.testng.reporters.JUnitReportReporter -->
<testsuite hostname="DESKTOP-NEBF6LI" failures="0" tests="4" name="PriorityExample" time="0.015" errors="0" timestamp="2022-01-23T23:37:31 IST" skipped="1">
  <testcase classname="PriorityExample" name="testOne" time="0.010"/>
  <system-out/>
  <testcase classname="PriorityExample" name="testTwo" time="0.002"/>
  <system-out/>
  <testcase classname="PriorityExample" name="testThree" time="0.003"/>
  <system-out/>
  <testcase classname="PriorityExample" name="testFour">
    <skipped/>
  </testcase> <!-- testFour -->
  <system-out/>
</testsuite> <!-- PriorityExample -->
