<?xml version="1.0" encoding="UTF-8"?>
<!-- Generated by org.testng.reporters.JUnitReportReporter -->
<testsuite hostname="DESKTOP-NEBF6LI" failures="0" tests="2" name="paralleltesting.ParallelTest1" time="36.435" errors="0" timestamp="2022-01-26T01:03:35 IST" skipped="0">
  <testcase classname="paralleltesting.ParallelTest1" name="logoTest" time="9.336"/>
  <system-out/>
  <testcase classname="paralleltesting.ParallelTest1" name="homePageTitle" time="27.099"/>
  <system-out/>
</testsuite> <!-- paralleltesting.ParallelTest1 -->
