<?xml version="1.0" encoding="UTF-8"?>
<!-- Generated by org.testng.reporters.JUnitReportReporter -->
<testsuite hostname="DESKTOP-NEBF6LI" failures="0" tests="1" name="paralleltesting.parallelTest2" time="9.376" errors="0" timestamp="2022-01-26T01:03:35 IST" skipped="0">
  <testcase classname="paralleltesting.parallelTest2" name="loginTest" time="9.376"/>
  <system-out/>
</testsuite> <!-- paralleltesting.parallelTest2 -->
