<?xml version="1.0" encoding="UTF-8"?>
<!-- Generated by org.testng.reporters.JUnitReportReporter -->
<testsuite hostname="DESKTOP-NEBF6LI" failures="0" tests="2" name="GroupingExample" time="0.026" errors="0" timestamp="2022-01-24T00:28:29 IST" skipped="0">
  <testcase classname="GroupingExample" name="test4" time="0.007"/>
  <system-out/>
  <testcase classname="GroupingExample" name="test3" time="0.019"/>
  <system-out/>
</testsuite> <!-- GroupingExample -->
