<?xml version="1.0" encoding="UTF-8"?>
<!-- Generated by org.testng.reporters.JUnitReportReporter -->
<testsuite hostname="DESKTOP-NEBF6LI" failures="0" tests="3" name="DataProviderExample" time="0.012" errors="0" timestamp="2022-01-24T23:04:38 IST" skipped="0">
  <testcase classname="DataProviderExample" name="loginTest" time="0.008"/>
  <system-out/>
  <testcase classname="DataProviderExample" name="loginTest" time="0.002"/>
  <system-out/>
  <testcase classname="DataProviderExample" name="loginTest" time="0.002"/>
  <system-out/>
</testsuite> <!-- DataProviderExample -->
